# JRE version: OpenJDK Runtime Environment (8.0_472-b08) (build 1.8.0_472-b08)
# Java VM: OpenJDK 64-Bit Server VM (25.472-b08 mixed mode windows-amd64 compressed oops)
Heap:
 PSYoungGen      total 858112K, used 294987K [0x0000000716b00000, 0x0000000759e80000, 0x00000007c0000000)
  eden space 830464K, 35% used [0x0000000716b00000,0x00000007289ead98,0x0000000749600000)
  from space 27648K, 4% used [0x0000000756980000,0x0000000756aa8000,0x0000000758480000)
  to   space 26624K, 0% used [0x0000000758480000,0x0000000758480000,0x0000000759e80000)
 ParOldGen       total 300032K, used 56662K [0x00000005c4000000, 0x00000005d6500000, 0x0000000716b00000)
  object space 300032K, 18% used [0x00000005c4000000,0x00000005c77558c8,0x00000005d6500000)
 Metaspace       used 68729K, capacity 72528K, committed 72664K, reserved 1112064K
  class space    used 9739K, capacity 10433K, committed 10456K, reserved 1048576K
GC Heap History (10 events):
Event: 66489.574 GC heap before
{Heap before GC invocations=22 (full 3):
 PSYoungGen      total 818176K, used 817952K [0x0000000716b00000, 0x0000000751400000, 0x00000007c0000000)
  eden space 815616K, 100% used [0x0000000716b00000,0x0000000748780000,0x0000000748780000)
  from space 2560K, 91% used [0x0000000751180000,0x00000007513c8000,0x0000000751400000)
  to   space 31232K, 0% used [0x000000074d700000,0x000000074d700000,0x000000074f580000)
 ParOldGen       total 300032K, used 55430K [0x00000005c4000000, 0x00000005d6500000, 0x0000000716b00000)
  object space 300032K, 18% used [0x00000005c4000000,0x00000005c7621898,0x00000005d6500000)
 Metaspace       used 68545K, capacity 72396K, committed 72664K, reserved 1112064K
  class space    used 9716K, capacity 10431K, committed 10456K, reserved 1048576K
Event: 66489.654 GC heap after
Heap after GC invocations=22 (full 3):
 PSYoungGen      total 787456K, used 2240K [0x0000000716b00000, 0x0000000751200000, 0x00000007c0000000)
  eden space 784896K, 0% used [0x0000000716b00000,0x0000000716b00000,0x0000000746980000)
  from space 2560K, 87% used [0x000000074d700000,0x000000074d930000,0x000000074d980000)
  to   space 30208K, 0% used [0x000000074f480000,0x000000074f480000,0x0000000751200000)
 ParOldGen       total 300032K, used 55430K [0x00000005c4000000, 0x00000005d6500000, 0x0000000716b00000)
  object space 300032K, 18% used [0x00000005c4000000,0x00000005c7621898,0x00000005d6500000)
 Metaspace       used 68545K, capacity 72396K, committed 72664K, reserved 1112064K
  class space    used 9716K, capacity 10431K, committed 10456K, reserved 1048576K
}
Event: 66492.619 GC heap before
{Heap before GC invocations=23 (full 3):
 PSYoungGen      total 787456K, used 787136K [0x0000000716b00000, 0x0000000751200000, 0x00000007c0000000)
  eden space 784896K, 100% used [0x0000000716b00000,0x0000000746980000,0x0000000746980000)
  from space 2560K, 87% used [0x000000074d700000,0x000000074d930000,0x000000074d980000)
  to   space 30208K, 0% used [0x000000074f480000,0x000000074f480000,0x0000000751200000)
 ParOldGen       total 300032K, used 55430K [0x00000005c4000000, 0x00000005d6500000, 0x0000000716b00000)
  object space 300032K, 18% used [0x00000005c4000000,0x00000005c7621898,0x00000005d6500000)
 Metaspace       used 68545K, capacity 72396K, committed 72664K, reserved 1112064K
  class space    used 9716K, capacity 10431K, committed 10456K, reserved 1048576K
Event: 66492.728 GC heap after
Heap after GC invocations=23 (full 3):
 PSYoungGen      total 928256K, used 2176K [0x0000000716b00000, 0x0000000754d80000, 0x00000007c0000000)
  eden space 898048K, 0% used [0x0000000716b00000,0x0000000716b00000,0x000000074d800000)
  from space 30208K, 7% used [0x000000074f480000,0x000000074f6a0000,0x0000000751200000)
  to   space 29184K, 0% used [0x000000074d800000,0x000000074d800000,0x000000074f480000)
 ParOldGen       total 300032K, used 55438K [0x00000005c4000000, 0x00000005d6500000, 0x0000000716b00000)
  object space 300032K, 18% used [0x00000005c4000000,0x00000005c7623898,0x00000005d6500000)
 Metaspace       used 68545K, capacity 72396K, committed 72664K, reserved 1112064K
  class space    used 9716K, capacity 10431K, committed 10456K, reserved 1048576K
}
Event: 72102.169 GC heap before
{Heap before GC invocations=24 (full 3):
 PSYoungGen      total 928256K, used 900224K [0x0000000716b00000, 0x0000000754d80000, 0x00000007c0000000)
  eden space 898048K, 100% used [0x0000000716b00000,0x000000074d800000,0x000000074d800000)
  from space 30208K, 7% used [0x000000074f480000,0x000000074f6a0000,0x0000000751200000)
  to   space 29184K, 0% used [0x000000074d800000,0x000000074d800000,0x000000074f480000)
 ParOldGen       total 300032K, used 55438K [0x00000005c4000000, 0x00000005d6500000, 0x0000000716b00000)
  object space 300032K, 18% used [0x00000005c4000000,0x00000005c7623898,0x00000005d6500000)
 Metaspace       used 68555K, capacity 72396K, committed 72664K, reserved 1112064K
  class space    used 9716K, capacity 10431K, committed 10456K, reserved 1048576K
Event: 72102.174 GC heap after
Heap after GC invocations=24 (full 3):
 PSYoungGen      total 927232K, used 704K [0x0000000716b00000, 0x000000075ba00000, 0x00000007c0000000)
  eden space 898048K, 0% used [0x0000000716b00000,0x0000000716b00000,0x000000074d800000)
  from space 29184K, 2% used [0x000000074d800000,0x000000074d8b0000,0x000000074f480000)
  to   space 28672K, 0% used [0x0000000759e00000,0x0000000759e00000,0x000000075ba00000)
 ParOldGen       total 300032K, used 56622K [0x00000005c4000000, 0x00000005d6500000, 0x0000000716b00000)
  object space 300032K, 18% used [0x00000005c4000000,0x00000005c774b8c8,0x00000005d6500000)
 Metaspace       used 68555K, capacity 72396K, committed 72664K, reserved 1112064K
  class space    used 9716K, capacity 10431K, committed 10456K, reserved 1048576K
}
Event: 78960.707 GC heap before
{Heap before GC invocations=25 (full 3):
 PSYoungGen      total 927232K, used 898752K [0x0000000716b00000, 0x000000075ba00000, 0x00000007c0000000)
  eden space 898048K, 100% used [0x0000000716b00000,0x000000074d800000,0x000000074d800000)
  from space 29184K, 2% used [0x000000074d800000,0x000000074d8b0000,0x000000074f480000)
  to   space 28672K, 0% used [0x0000000759e00000,0x0000000759e00000,0x000000075ba00000)
 ParOldGen       total 300032K, used 56622K [0x00000005c4000000, 0x00000005d6500000, 0x0000000716b00000)
  object space 300032K, 18% used [0x00000005c4000000,0x00000005c774b8c8,0x00000005d6500000)
 Metaspace       used 68555K, capacity 72396K, committed 72664K, reserved 1112064K
  class space    used 9716K, capacity 10431K, committed 10456K, reserved 1048576K
Event: 78960.748 GC heap after
Heap after GC invocations=25 (full 3):
 PSYoungGen      total 864768K, used 1184K [0x0000000716b00000, 0x0000000759f80000, 0x00000007c0000000)
  eden space 863232K, 0% used [0x0000000716b00000,0x0000000716b00000,0x000000074b600000)
  from space 1536K, 77% used [0x0000000759e00000,0x0000000759f28000,0x0000000759f80000)
  to   space 27648K, 0% used [0x0000000756980000,0x0000000756980000,0x0000000758480000)
 ParOldGen       total 300032K, used 56654K [0x00000005c4000000, 0x00000005d6500000, 0x0000000716b00000)
  object space 300032K, 18% used [0x00000005c4000000,0x00000005c77538c8,0x00000005d6500000)
 Metaspace       used 68555K, capacity 72396K, committed 72664K, reserved 1112064K
  class space    used 9716K, capacity 10431K, committed 10456K, reserved 1048576K
}
Event: 83648.736 GC heap before
{Heap before GC invocations=26 (full 3):
 PSYoungGen      total 864768K, used 864416K [0x0000000716b00000, 0x0000000759f80000, 0x00000007c0000000)
  eden space 863232K, 100% used [0x0000000716b00000,0x000000074b600000,0x000000074b600000)
  from space 1536K, 77% used [0x0000000759e00000,0x0000000759f28000,0x0000000759f80000)
  to   space 27648K, 0% used [0x0000000756980000,0x0000000756980000,0x0000000758480000)
 ParOldGen       total 300032K, used 56654K [0x00000005c4000000, 0x00000005d6500000, 0x0000000716b00000)
  object space 300032K, 18% used [0x00000005c4000000,0x00000005c77538c8,0x00000005d6500000)
 Metaspace       used 68555K, capacity 72396K, committed 72664K, reserved 1112064K
  class space    used 9716K, capacity 10431K, committed 10456K, reserved 1048576K
Event: 83648.813 GC heap after
Heap after GC invocations=26 (full 3):
 PSYoungGen      total 858112K, used 1184K [0x0000000716b00000, 0x0000000759e80000, 0x00000007c0000000)
  eden space 830464K, 0% used [0x0000000716b00000,0x0000000716b00000,0x0000000749600000)
  from space 27648K, 4% used [0x0000000756980000,0x0000000756aa8000,0x0000000758480000)
  to   space 26624K, 0% used [0x0000000758480000,0x0000000758480000,0x0000000759e80000)
 ParOldGen       total 300032K, used 56662K [0x00000005c4000000, 0x00000005d6500000, 0x0000000716b00000)
  object space 300032K, 18% used [0x00000005c4000000,0x00000005c77558c8,0x00000005d6500000)
 Metaspace       used 68555K, capacity 72396K, committed 72664K, reserved 1112064K
  class space    used 9716K, capacity 10431K, committed 10456K, reserved 1048576K
}

